<?xml version="1.0" encoding="UTF-8"?>
<!-- Generated by org.testng.reporters.JUnitReportReporter -->
<testsuite hostname="ip-192-168-122-42.us-east-2.compute.internal" name="com.mail.AppTest1" tests="1" failures="0" timestamp="15 Sep 2019 13:39:51 GMT" time="0.000" errors="0">
  <testcase name="shouldAnswerWithTrue" time="0.000" classname="com.mail.AppTest1"/>
</testsuite> <!-- com.mail.AppTest1 -->
