<?xml version="1.0" encoding="UTF-8"?>
<!-- Generated by org.testng.reporters.JUnitReportReporter -->
<testsuite hostname="ip-192-168-122-42.us-east-2.compute.internal" name="com.mail.AppTest" tests="1" failures="0" timestamp="14 Sep 2019 15:36:12 GMT" time="0.014" errors="0">
  <testcase name="shouldAnswerWithTrue" time="0.014" classname="com.mail.AppTest"/>
</testsuite> <!-- com.mail.AppTest -->
